{"/Volumes/Work/react/gandul/components/external-link.tsx": {"path":"/Volumes/Work/react/gandul/components/external-link.tsx","statementMap":{"0":{"start":{"line":8,"column":2},"end":{"line":24,"column":4}},"1":{"start":{"line":14,"column":8},"end":{"line":21,"column":9}},"2":{"start":{"line":16,"column":10},"end":{"line":16,"column":33}},"3":{"start":{"line":18,"column":10},"end":{"line":20,"column":13}}},"fnMap":{"0":{"name":"ExternalLink","decl":{"start":{"line":7,"column":16},"end":{"line":7,"column":28}},"loc":{"start":{"line":7,"column":55},"end":{"line":25,"column":1}},"line":7},"1":{"name":"(anonymous_1)","decl":{"start":{"line":13,"column":15},"end":{"line":13,"column":16}},"loc":{"start":{"line":13,"column":32},"end":{"line":22,"column":7}},"line":13}},"branchMap":{"0":{"loc":{"start":{"line":14,"column":8},"end":{"line":21,"column":9}},"type":"if","locations":[{"start":{"line":14,"column":8},"end":{"line":21,"column":9}},{"start":{},"end":{}}],"line":14}},"s":{"0":0,"1":0,"2":0,"3":0},"f":{"0":0,"1":0},"b":{"0":[0,0]}}
,"/Volumes/Work/react/gandul/components/haptic-tab.tsx": {"path":"/Volumes/Work/react/gandul/components/haptic-tab.tsx","statementMap":{"0":{"start":{"line":6,"column":2},"end":{"line":17,"column":4}},"1":{"start":{"line":10,"column":8},"end":{"line":13,"column":9}},"2":{"start":{"line":12,"column":10},"end":{"line":12,"column":65}},"3":{"start":{"line":14,"column":8},"end":{"line":14,"column":30}}},"fnMap":{"0":{"name":"HapticTab","decl":{"start":{"line":5,"column":16},"end":{"line":5,"column":25}},"loc":{"start":{"line":5,"column":58},"end":{"line":18,"column":1}},"line":5},"1":{"name":"(anonymous_1)","decl":{"start":{"line":9,"column":17},"end":{"line":9,"column":18}},"loc":{"start":{"line":9,"column":25},"end":{"line":15,"column":7}},"line":9}},"branchMap":{"0":{"loc":{"start":{"line":10,"column":8},"end":{"line":13,"column":9}},"type":"if","locations":[{"start":{"line":10,"column":8},"end":{"line":13,"column":9}},{"start":{},"end":{}}],"line":10}},"s":{"0":0,"1":0,"2":0,"3":0},"f":{"0":0,"1":0},"b":{"0":[0,0]}}
,"/Volumes/Work/react/gandul/components/hello-wave.tsx": {"path":"/Volumes/Work/react/gandul/components/hello-wave.tsx","statementMap":{"0":{"start":{"line":4,"column":2},"end":{"line":18,"column":4}}},"fnMap":{"0":{"name":"HelloWave","decl":{"start":{"line":3,"column":16},"end":{"line":3,"column":25}},"loc":{"start":{"line":3,"column":28},"end":{"line":19,"column":1}},"line":3}},"branchMap":{},"s":{"0":0},"f":{"0":0},"b":{}}
,"/Volumes/Work/react/gandul/components/parallax-scroll-view.tsx": {"path":"/Volumes/Work/react/gandul/components/parallax-scroll-view.tsx","statementMap":{"0":{"start":{"line":14,"column":22},"end":{"line":14,"column":25}},"1":{"start":{"line":26,"column":26},"end":{"line":26,"column":57}},"2":{"start":{"line":27,"column":22},"end":{"line":27,"column":49}},"3":{"start":{"line":28,"column":20},"end":{"line":28,"column":57}},"4":{"start":{"line":29,"column":23},"end":{"line":29,"column":49}},"5":{"start":{"line":30,"column":30},"end":{"line":45,"column":4}},"6":{"start":{"line":31,"column":4},"end":{"line":44,"column":6}},"7":{"start":{"line":47,"column":2},"end":{"line":62,"column":4}},"8":{"start":{"line":65,"column":15},"end":{"line":79,"column":2}}},"fnMap":{"0":{"name":"ParallaxScrollView","decl":{"start":{"line":21,"column":24},"end":{"line":21,"column":42}},"loc":{"start":{"line":25,"column":10},"end":{"line":63,"column":1}},"line":25},"1":{"name":"(anonymous_1)","decl":{"start":{"line":30,"column":47},"end":{"line":30,"column":48}},"loc":{"start":{"line":30,"column":53},"end":{"line":45,"column":3}},"line":30}},"branchMap":{"0":{"loc":{"start":{"line":27,"column":22},"end":{"line":27,"column":49}},"type":"binary-expr","locations":[{"start":{"line":27,"column":22},"end":{"line":27,"column":38}},{"start":{"line":27,"column":42},"end":{"line":27,"column":49}}],"line":27}},"s":{"0":0,"1":0,"2":0,"3":0,"4":0,"5":0,"6":0,"7":0,"8":0},"f":{"0":0,"1":0},"b":{"0":[0,0]}}
,"/Volumes/Work/react/gandul/components/themed-text.tsx": {"path":"/Volumes/Work/react/gandul/components/themed-text.tsx","statementMap":{"0":{"start":{"line":57,"column":16},"end":{"line":57,"column":77}},"1":{"start":{"line":60,"column":18},"end":{"line":102,"column":14}},"2":{"start":{"line":104,"column":2},"end":{"line":110,"column":4}}},"fnMap":{"0":{"name":"ThemedText","decl":{"start":{"line":38,"column":16},"end":{"line":38,"column":26}},"loc":{"start":{"line":56,"column":20},"end":{"line":111,"column":1}},"line":56}},"branchMap":{"0":{"loc":{"start":{"line":62,"column":4},"end":{"line":62,"column":46}},"type":"binary-expr","locations":[{"start":{"line":62,"column":4},"end":{"line":62,"column":22}},{"start":{"line":62,"column":26},"end":{"line":62,"column":31}},{"start":{"line":62,"column":35},"end":{"line":62,"column":46}}],"line":62},"1":{"loc":{"start":{"line":63,"column":4},"end":{"line":63,"column":50}},"type":"binary-expr","locations":[{"start":{"line":63,"column":4},"end":{"line":63,"column":22}},{"start":{"line":63,"column":26},"end":{"line":63,"column":33}},{"start":{"line":63,"column":37},"end":{"line":63,"column":50}}],"line":63},"2":{"loc":{"start":{"line":64,"column":4},"end":{"line":64,"column":55}},"type":"binary-expr","locations":[{"start":{"line":64,"column":4},"end":{"line":64,"column":22}},{"start":{"line":64,"column":26},"end":{"line":64,"column":34}},{"start":{"line":64,"column":38},"end":{"line":64,"column":55}}],"line":64},"3":{"loc":{"start":{"line":66,"column":4},"end":{"line":66,"column":43}},"type":"binary-expr","locations":[{"start":{"line":66,"column":4},"end":{"line":66,"column":20}},{"start":{"line":66,"column":24},"end":{"line":66,"column":29}},{"start":{"line":66,"column":33},"end":{"line":66,"column":43}}],"line":66},"4":{"loc":{"start":{"line":67,"column":4},"end":{"line":67,"column":46}},"type":"binary-expr","locations":[{"start":{"line":67,"column":4},"end":{"line":67,"column":20}},{"start":{"line":67,"column":24},"end":{"line":67,"column":31}},{"start":{"line":67,"column":35},"end":{"line":67,"column":46}}],"line":67},"5":{"loc":{"start":{"line":68,"column":4},"end":{"line":68,"column":51}},"type":"binary-expr","locations":[{"start":{"line":68,"column":4},"end":{"line":68,"column":20}},{"start":{"line":68,"column":24},"end":{"line":68,"column":32}},{"start":{"line":68,"column":36},"end":{"line":68,"column":51}}],"line":68},"6":{"loc":{"start":{"line":70,"column":4},"end":{"line":70,"column":46}},"type":"binary-expr","locations":[{"start":{"line":70,"column":4},"end":{"line":70,"column":23}},{"start":{"line":70,"column":27},"end":{"line":70,"column":32}},{"start":{"line":70,"column":36},"end":{"line":70,"column":46}}],"line":70},"7":{"loc":{"start":{"line":71,"column":4},"end":{"line":71,"column":53}},"type":"binary-expr","locations":[{"start":{"line":71,"column":4},"end":{"line":71,"column":23}},{"start":{"line":71,"column":27},"end":{"line":71,"column":34}},{"start":{"line":71,"column":38},"end":{"line":71,"column":53}}],"line":71},"8":{"loc":{"start":{"line":72,"column":4},"end":{"line":72,"column":53}},"type":"binary-expr","locations":[{"start":{"line":72,"column":4},"end":{"line":72,"column":23}},{"start":{"line":72,"column":27},"end":{"line":72,"column":35}},{"start":{"line":72,"column":39},"end":{"line":72,"column":53}}],"line":72},"9":{"loc":{"start":{"line":74,"column":4},"end":{"line":74,"column":44}},"type":"binary-expr","locations":[{"start":{"line":74,"column":4},"end":{"line":74,"column":22}},{"start":{"line":74,"column":26},"end":{"line":74,"column":31}},{"start":{"line":74,"column":35},"end":{"line":74,"column":44}}],"line":74},"10":{"loc":{"start":{"line":75,"column":4},"end":{"line":75,"column":50}},"type":"binary-expr","locations":[{"start":{"line":75,"column":4},"end":{"line":75,"column":22}},{"start":{"line":75,"column":26},"end":{"line":75,"column":33}},{"start":{"line":75,"column":37},"end":{"line":75,"column":50}}],"line":75},"11":{"loc":{"start":{"line":76,"column":4},"end":{"line":76,"column":54}},"type":"binary-expr","locations":[{"start":{"line":76,"column":4},"end":{"line":76,"column":22}},{"start":{"line":76,"column":26},"end":{"line":76,"column":34}},{"start":{"line":76,"column":38},"end":{"line":76,"column":54}}],"line":76},"12":{"loc":{"start":{"line":78,"column":4},"end":{"line":78,"column":43}},"type":"binary-expr","locations":[{"start":{"line":78,"column":4},"end":{"line":78,"column":19}},{"start":{"line":78,"column":23},"end":{"line":78,"column":28}},{"start":{"line":78,"column":32},"end":{"line":78,"column":43}}],"line":78},"13":{"loc":{"start":{"line":79,"column":4},"end":{"line":79,"column":47}},"type":"binary-expr","locations":[{"start":{"line":79,"column":4},"end":{"line":79,"column":19}},{"start":{"line":79,"column":23},"end":{"line":79,"column":30}},{"start":{"line":79,"column":34},"end":{"line":79,"column":47}}],"line":79},"14":{"loc":{"start":{"line":80,"column":4},"end":{"line":80,"column":57}},"type":"binary-expr","locations":[{"start":{"line":80,"column":4},"end":{"line":80,"column":19}},{"start":{"line":80,"column":23},"end":{"line":80,"column":57}}],"line":80},"15":{"loc":{"start":{"line":81,"column":4},"end":{"line":81,"column":48}},"type":"binary-expr","locations":[{"start":{"line":81,"column":4},"end":{"line":81,"column":19}},{"start":{"line":81,"column":23},"end":{"line":81,"column":33}},{"start":{"line":81,"column":37},"end":{"line":81,"column":48}}],"line":81},"16":{"loc":{"start":{"line":84,"column":4},"end":{"line":84,"column":26}},"type":"binary-expr","locations":[{"start":{"line":84,"column":4},"end":{"line":84,"column":8}},{"start":{"line":84,"column":12},"end":{"line":84,"column":26}}],"line":84},"17":{"loc":{"start":{"line":85,"column":4},"end":{"line":85,"column":30}},"type":"binary-expr","locations":[{"start":{"line":85,"column":4},"end":{"line":85,"column":10}},{"start":{"line":85,"column":14},"end":{"line":85,"column":30}}],"line":85},"18":{"loc":{"start":{"line":86,"column":4},"end":{"line":86,"column":35}},"type":"binary-expr","locations":[{"start":{"line":86,"column":4},"end":{"line":86,"column":11}},{"start":{"line":86,"column":15},"end":{"line":86,"column":35}}],"line":86},"19":{"loc":{"start":{"line":87,"column":4},"end":{"line":87,"column":38}},"type":"binary-expr","locations":[{"start":{"line":87,"column":4},"end":{"line":87,"column":12}},{"start":{"line":87,"column":16},"end":{"line":87,"column":38}}],"line":87},"20":{"loc":{"start":{"line":88,"column":4},"end":{"line":88,"column":26}},"type":"binary-expr","locations":[{"start":{"line":88,"column":4},"end":{"line":88,"column":8}},{"start":{"line":88,"column":12},"end":{"line":88,"column":26}}],"line":88},"21":{"loc":{"start":{"line":89,"column":4},"end":{"line":89,"column":28}},"type":"binary-expr","locations":[{"start":{"line":89,"column":4},"end":{"line":89,"column":9}},{"start":{"line":89,"column":13},"end":{"line":89,"column":28}}],"line":89},"22":{"loc":{"start":{"line":92,"column":4},"end":{"line":92,"column":22}},"type":"binary-expr","locations":[{"start":{"line":92,"column":4},"end":{"line":92,"column":10}},{"start":{"line":92,"column":14},"end":{"line":92,"column":22}}],"line":92},"23":{"loc":{"start":{"line":93,"column":4},"end":{"line":93,"column":28}},"type":"binary-expr","locations":[{"start":{"line":93,"column":4},"end":{"line":93,"column":13}},{"start":{"line":93,"column":17},"end":{"line":93,"column":28}}],"line":93},"24":{"loc":{"start":{"line":94,"column":4},"end":{"line":94,"column":28}},"type":"binary-expr","locations":[{"start":{"line":94,"column":4},"end":{"line":94,"column":13}},{"start":{"line":94,"column":17},"end":{"line":94,"column":28}}],"line":94},"25":{"loc":{"start":{"line":95,"column":4},"end":{"line":95,"column":28}},"type":"binary-expr","locations":[{"start":{"line":95,"column":4},"end":{"line":95,"column":13}},{"start":{"line":95,"column":17},"end":{"line":95,"column":28}}],"line":95},"26":{"loc":{"start":{"line":96,"column":4},"end":{"line":96,"column":30}},"type":"binary-expr","locations":[{"start":{"line":96,"column":4},"end":{"line":96,"column":14}},{"start":{"line":96,"column":18},"end":{"line":96,"column":30}}],"line":96}},"s":{"0":44,"1":44,"2":44},"f":{"0":44},"b":{"0":[44,0,0],"1":[44,0,0],"2":[44,0,0],"3":[44,0,0],"4":[44,0,0],"5":[44,0,0],"6":[44,0,0],"7":[44,0,0],"8":[44,0,0],"9":[44,0,0],"10":[44,0,0],"11":[44,0,0],"12":[44,0,0],"13":[44,0,0],"14":[44,0],"15":[44,0,0],"16":[44,44],"17":[44,44],"18":[44,0],"19":[44,0],"20":[44,0],"21":[44,0],"22":[44,0],"23":[44,0],"24":[44,0],"25":[44,0],"26":[44,0]},"_coverageSchema":"1a1c01bbd47fc00a2c39e90264f33305004495a9","hash":"e25a889b7d4e08f34ad143a858e336cba6cff3d4"}
,"/Volumes/Work/react/gandul/components/themed-view.tsx": {"path":"/Volumes/Work/react/gandul/components/themed-view.tsx","statementMap":{"0":{"start":{"line":11,"column":26},"end":{"line":11,"column":93}},"1":{"start":{"line":13,"column":2},"end":{"line":13,"column":71}}},"fnMap":{"0":{"name":"ThemedView","decl":{"start":{"line":10,"column":16},"end":{"line":10,"column":26}},"loc":{"start":{"line":10,"column":93},"end":{"line":14,"column":1}},"line":10}},"branchMap":{},"s":{"0":0,"1":0},"f":{"0":0},"b":{}}
,"/Volumes/Work/react/gandul/components/article/article-content.tsx": {"path":"/Volumes/Work/react/gandul/components/article/article-content.tsx","statementMap":{"0":{"start":{"line":9,"column":2},"end":{"line":31,"column":4}}},"fnMap":{"0":{"name":"ArticleContent","decl":{"start":{"line":8,"column":16},"end":{"line":8,"column":30}},"loc":{"start":{"line":8,"column":78},"end":{"line":32,"column":1}},"line":8}},"branchMap":{"0":{"loc":{"start":{"line":11,"column":7},"end":{"line":19,"column":7}},"type":"binary-expr","locations":[{"start":{"line":11,"column":7},"end":{"line":11,"column":18}},{"start":{"line":12,"column":8},"end":{"line":18,"column":21}}],"line":11},"1":{"loc":{"start":{"line":21,"column":7},"end":{"line":29,"column":7}},"type":"binary-expr","locations":[{"start":{"line":21,"column":7},"end":{"line":21,"column":14}},{"start":{"line":22,"column":8},"end":{"line":28,"column":21}}],"line":21}},"s":{"0":0},"f":{"0":0},"b":{"0":[0,0],"1":[0,0]}}
,"/Volumes/Work/react/gandul/components/article/article-error.tsx": {"path":"/Volumes/Work/react/gandul/components/article/article-error.tsx","statementMap":{"0":{"start":{"line":10,"column":2},"end":{"line":22,"column":4}}},"fnMap":{"0":{"name":"ArticleError","decl":{"start":{"line":9,"column":16},"end":{"line":9,"column":28}},"loc":{"start":{"line":9,"column":59},"end":{"line":23,"column":1}},"line":9}},"branchMap":{"0":{"loc":{"start":{"line":18,"column":11},"end":{"line":18,"column":39}},"type":"binary-expr","locations":[{"start":{"line":18,"column":11},"end":{"line":18,"column":16}},{"start":{"line":18,"column":20},"end":{"line":18,"column":39}}],"line":18}},"s":{"0":0},"f":{"0":0},"b":{"0":[0,0]}}
,"/Volumes/Work/react/gandul/components/article/article-header.tsx": {"path":"/Volumes/Work/react/gandul/components/article/article-header.tsx","statementMap":{"0":{"start":{"line":12,"column":2},"end":{"line":44,"column":4}},"1":{"start":{"line":47,"column":15},"end":{"line":52,"column":2}}},"fnMap":{"0":{"name":"ArticleHeader","decl":{"start":{"line":11,"column":16},"end":{"line":11,"column":29}},"loc":{"start":{"line":11,"column":94},"end":{"line":45,"column":1}},"line":11}},"branchMap":{"0":{"loc":{"start":{"line":14,"column":7},"end":{"line":20,"column":7}},"type":"binary-expr","locations":[{"start":{"line":14,"column":7},"end":{"line":14,"column":20}},{"start":{"line":15,"column":8},"end":{"line":19,"column":10}}],"line":14},"1":{"loc":{"start":{"line":23,"column":9},"end":{"line":32,"column":9}},"type":"binary-expr","locations":[{"start":{"line":23,"column":9},"end":{"line":23,"column":17}},{"start":{"line":24,"column":10},"end":{"line":31,"column":23}}],"line":23}},"s":{"0":0,"1":0},"f":{"0":0},"b":{"0":[0,0],"1":[0,0]}}
,"/Volumes/Work/react/gandul/components/article/article-links.tsx": {"path":"/Volumes/Work/react/gandul/components/article/article-links.tsx","statementMap":{"0":{"start":{"line":10,"column":2},"end":{"line":12,"column":3}},"1":{"start":{"line":11,"column":4},"end":{"line":11,"column":16}},"2":{"start":{"line":14,"column":2},"end":{"line":46,"column":4}},"3":{"start":{"line":24,"column":27},"end":{"line":24,"column":52}},"4":{"start":{"line":39,"column":27},"end":{"line":39,"column":53}}},"fnMap":{"0":{"name":"ArticleLinks","decl":{"start":{"line":9,"column":16},"end":{"line":9,"column":28}},"loc":{"start":{"line":9,"column":73},"end":{"line":47,"column":1}},"line":9},"1":{"name":"(anonymous_1)","decl":{"start":{"line":24,"column":21},"end":{"line":24,"column":22}},"loc":{"start":{"line":24,"column":27},"end":{"line":24,"column":52}},"line":24},"2":{"name":"(anonymous_2)","decl":{"start":{"line":39,"column":21},"end":{"line":39,"column":22}},"loc":{"start":{"line":39,"column":27},"end":{"line":39,"column":53}},"line":39}},"branchMap":{"0":{"loc":{"start":{"line":10,"column":2},"end":{"line":12,"column":3}},"type":"if","locations":[{"start":{"line":10,"column":2},"end":{"line":12,"column":3}},{"start":{},"end":{}}],"line":10},"1":{"loc":{"start":{"line":10,"column":6},"end":{"line":10,"column":29}},"type":"binary-expr","locations":[{"start":{"line":10,"column":6},"end":{"line":10,"column":15}},{"start":{"line":10,"column":19},"end":{"line":10,"column":29}}],"line":10},"2":{"loc":{"start":{"line":16,"column":7},"end":{"line":29,"column":7}},"type":"binary-expr","locations":[{"start":{"line":16,"column":7},"end":{"line":16,"column":15}},{"start":{"line":17,"column":8},"end":{"line":28,"column":15}}],"line":16},"3":{"loc":{"start":{"line":31,"column":7},"end":{"line":44,"column":7}},"type":"binary-expr","locations":[{"start":{"line":31,"column":7},"end":{"line":31,"column":16}},{"start":{"line":32,"column":8},"end":{"line":43,"column":15}}],"line":31}},"s":{"0":0,"1":0,"2":0,"3":0,"4":0},"f":{"0":0,"1":0,"2":0},"b":{"0":[0,0],"1":[0,0],"2":[0,0],"3":[0,0]}}
,"/Volumes/Work/react/gandul/components/article/article-loading.tsx": {"path":"/Volumes/Work/react/gandul/components/article/article-loading.tsx","statementMap":{"0":{"start":{"line":7,"column":2},"end":{"line":17,"column":4}}},"fnMap":{"0":{"name":"ArticleLoading","decl":{"start":{"line":6,"column":16},"end":{"line":6,"column":30}},"loc":{"start":{"line":6,"column":33},"end":{"line":18,"column":1}},"line":6}},"branchMap":{},"s":{"0":0},"f":{"0":0},"b":{}}
,"/Volumes/Work/react/gandul/components/article/article-metadata.tsx": {"path":"/Volumes/Work/react/gandul/components/article/article-metadata.tsx","statementMap":{"0":{"start":{"line":9,"column":2},"end":{"line":21,"column":4}}},"fnMap":{"0":{"name":"ArticleMetadata","decl":{"start":{"line":8,"column":16},"end":{"line":8,"column":31}},"loc":{"start":{"line":8,"column":73},"end":{"line":22,"column":1}},"line":8}},"branchMap":{"0":{"loc":{"start":{"line":15,"column":7},"end":{"line":19,"column":7}},"type":"binary-expr","locations":[{"start":{"line":15,"column":7},"end":{"line":15,"column":13}},{"start":{"line":16,"column":8},"end":{"line":18,"column":21}}],"line":15}},"s":{"0":0},"f":{"0":0},"b":{"0":[0,0]}}
,"/Volumes/Work/react/gandul/components/article/article-tags.tsx": {"path":"/Volumes/Work/react/gandul/components/article/article-tags.tsx","statementMap":{"0":{"start":{"line":9,"column":2},"end":{"line":11,"column":3}},"1":{"start":{"line":10,"column":4},"end":{"line":10,"column":16}},"2":{"start":{"line":13,"column":2},"end":{"line":30,"column":4}},"3":{"start":{"line":20,"column":10},"end":{"line":26,"column":23}}},"fnMap":{"0":{"name":"ArticleTags","decl":{"start":{"line":8,"column":16},"end":{"line":8,"column":27}},"loc":{"start":{"line":8,"column":56},"end":{"line":31,"column":1}},"line":8},"1":{"name":"(anonymous_1)","decl":{"start":{"line":19,"column":18},"end":{"line":19,"column":19}},"loc":{"start":{"line":20,"column":10},"end":{"line":26,"column":23}},"line":20}},"branchMap":{"0":{"loc":{"start":{"line":9,"column":2},"end":{"line":11,"column":3}},"type":"if","locations":[{"start":{"line":9,"column":2},"end":{"line":11,"column":3}},{"start":{},"end":{}}],"line":9},"1":{"loc":{"start":{"line":9,"column":6},"end":{"line":9,"column":32}},"type":"binary-expr","locations":[{"start":{"line":9,"column":6},"end":{"line":9,"column":11}},{"start":{"line":9,"column":15},"end":{"line":9,"column":32}}],"line":9}},"s":{"0":0,"1":0,"2":0,"3":0},"f":{"0":0,"1":0},"b":{"0":[0,0],"1":[0,0]}}
,"/Volumes/Work/react/gandul/components/article/index.ts": {"path":"/Volumes/Work/react/gandul/components/article/index.ts","statementMap":{},"fnMap":{},"branchMap":{},"s":{},"f":{},"b":{}}
,"/Volumes/Work/react/gandul/components/atoms/badge.tsx": {"path":"/Volumes/Work/react/gandul/components/atoms/badge.tsx","statementMap":{"0":{"start":{"line":22,"column":22},"end":{"line":26,"column":3}},"1":{"start":{"line":28,"column":2},"end":{"line":38,"column":4}}},"fnMap":{"0":{"name":"Badge","decl":{"start":{"line":17,"column":16},"end":{"line":17,"column":21}},"loc":{"start":{"line":21,"column":15},"end":{"line":39,"column":1}},"line":21}},"branchMap":{"0":{"loc":{"start":{"line":19,"column":2},"end":{"line":19,"column":13}},"type":"default-arg","locations":[{"start":{"line":19,"column":9},"end":{"line":19,"column":13}}],"line":19},"1":{"loc":{"start":{"line":20,"column":2},"end":{"line":20,"column":16}},"type":"default-arg","locations":[{"start":{"line":20,"column":14},"end":{"line":20,"column":16}}],"line":20},"2":{"loc":{"start":{"line":31,"column":14},"end":{"line":31,"column":66}},"type":"cond-expr","locations":[{"start":{"line":31,"column":30},"end":{"line":31,"column":34}},{"start":{"line":31,"column":37},"end":{"line":31,"column":66}}],"line":31},"3":{"loc":{"start":{"line":31,"column":37},"end":{"line":31,"column":66}},"type":"cond-expr","locations":[{"start":{"line":31,"column":53},"end":{"line":31,"column":57}},{"start":{"line":31,"column":60},"end":{"line":31,"column":66}}],"line":31}},"s":{"0":44,"1":44},"f":{"0":44},"b":{"0":[13],"1":[14],"2":[26,18],"3":[15,3]},"_coverageSchema":"1a1c01bbd47fc00a2c39e90264f33305004495a9","hash":"908fd9c56f30dba0be421682503863d73f204387"}
,"/Volumes/Work/react/gandul/components/molecules/category-badge.tsx": {"path":"/Volumes/Work/react/gandul/components/molecules/category-badge.tsx","statementMap":{"0":{"start":{"line":17,"column":27},"end":{"line":32,"column":3}},"1":{"start":{"line":18,"column":31},"end":{"line":18,"column":48}},"2":{"start":{"line":20,"column":53},"end":{"line":29,"column":5}},"3":{"start":{"line":31,"column":4},"end":{"line":31,"column":103}},"4":{"start":{"line":34,"column":2},"end":{"line":38,"column":4}}},"fnMap":{"0":{"name":"CategoryBadge","decl":{"start":{"line":16,"column":16},"end":{"line":16,"column":29}},"loc":{"start":{"line":16,"column":77},"end":{"line":39,"column":1}},"line":16},"1":{"name":"(anonymous_1)","decl":{"start":{"line":17,"column":27},"end":{"line":17,"column":28}},"loc":{"start":{"line":17,"column":52},"end":{"line":32,"column":3}},"line":17}},"branchMap":{"0":{"loc":{"start":{"line":16,"column":42},"end":{"line":16,"column":53}},"type":"default-arg","locations":[{"start":{"line":16,"column":49},"end":{"line":16,"column":53}}],"line":16},"1":{"loc":{"start":{"line":31,"column":11},"end":{"line":31,"column":102}},"type":"binary-expr","locations":[{"start":{"line":31,"column":11},"end":{"line":31,"column":47}},{"start":{"line":31,"column":51},"end":{"line":31,"column":102}}],"line":31}},"s":{"0":28,"1":28,"2":28,"3":28,"4":28},"f":{"0":28,"1":28},"b":{"0":[24],"1":[28,8]},"_coverageSchema":"1a1c01bbd47fc00a2c39e90264f33305004495a9","hash":"9ae5aedb6c9fb3a94429ec7f02dacb954425baa6"}
,"/Volumes/Work/react/gandul/components/ui/collapsible.tsx": {"path":"/Volumes/Work/react/gandul/components/ui/collapsible.tsx","statementMap":{"0":{"start":{"line":11,"column":30},"end":{"line":11,"column":45}},"1":{"start":{"line":12,"column":16},"end":{"line":12,"column":43}},"2":{"start":{"line":14,"column":2},"end":{"line":32,"column":4}},"3":{"start":{"line":18,"column":23},"end":{"line":18,"column":51}},"4":{"start":{"line":18,"column":44},"end":{"line":18,"column":50}},"5":{"start":{"line":35,"column":15},"end":{"line":45,"column":2}}},"fnMap":{"0":{"name":"Collapsible","decl":{"start":{"line":10,"column":16},"end":{"line":10,"column":27}},"loc":{"start":{"line":10,"column":88},"end":{"line":33,"column":1}},"line":10},"1":{"name":"(anonymous_1)","decl":{"start":{"line":18,"column":17},"end":{"line":18,"column":18}},"loc":{"start":{"line":18,"column":23},"end":{"line":18,"column":51}},"line":18},"2":{"name":"(anonymous_2)","decl":{"start":{"line":18,"column":33},"end":{"line":18,"column":34}},"loc":{"start":{"line":18,"column":44},"end":{"line":18,"column":50}},"line":18}},"branchMap":{"0":{"loc":{"start":{"line":12,"column":16},"end":{"line":12,"column":43}},"type":"binary-expr","locations":[{"start":{"line":12,"column":16},"end":{"line":12,"column":32}},{"start":{"line":12,"column":36},"end":{"line":12,"column":43}}],"line":12},"1":{"loc":{"start":{"line":24,"column":17},"end":{"line":24,"column":73}},"type":"cond-expr","locations":[{"start":{"line":24,"column":37},"end":{"line":24,"column":54}},{"start":{"line":24,"column":57},"end":{"line":24,"column":73}}],"line":24},"2":{"loc":{"start":{"line":25,"column":41},"end":{"line":25,"column":66}},"type":"cond-expr","locations":[{"start":{"line":25,"column":50},"end":{"line":25,"column":57}},{"start":{"line":25,"column":60},"end":{"line":25,"column":66}}],"line":25},"3":{"loc":{"start":{"line":30,"column":7},"end":{"line":30,"column":75}},"type":"binary-expr","locations":[{"start":{"line":30,"column":7},"end":{"line":30,"column":13}},{"start":{"line":30,"column":17},"end":{"line":30,"column":75}}],"line":30}},"s":{"0":0,"1":0,"2":0,"3":0,"4":0,"5":0},"f":{"0":0,"1":0,"2":0},"b":{"0":[0,0],"1":[0,0],"2":[0,0],"3":[0,0]}}
,"/Volumes/Work/react/gandul/components/ui/icon-symbol.ios.tsx": {"path":"/Volumes/Work/react/gandul/components/ui/icon-symbol.ios.tsx","statementMap":{"0":{"start":{"line":17,"column":2},"end":{"line":31,"column":4}}},"fnMap":{"0":{"name":"IconSymbol","decl":{"start":{"line":4,"column":16},"end":{"line":4,"column":26}},"loc":{"start":{"line":16,"column":3},"end":{"line":32,"column":1}},"line":16}},"branchMap":{"0":{"loc":{"start":{"line":6,"column":2},"end":{"line":6,"column":11}},"type":"default-arg","locations":[{"start":{"line":6,"column":9},"end":{"line":6,"column":11}}],"line":6},"1":{"loc":{"start":{"line":9,"column":2},"end":{"line":9,"column":20}},"type":"default-arg","locations":[{"start":{"line":9,"column":11},"end":{"line":9,"column":20}}],"line":9}},"s":{"0":0},"f":{"0":0},"b":{"0":[0],"1":[0]}}
,"/Volumes/Work/react/gandul/components/ui/icon-symbol.tsx": {"path":"/Volumes/Work/react/gandul/components/ui/icon-symbol.tsx","statementMap":{"0":{"start":{"line":16,"column":16},"end":{"line":21,"column":16}},"1":{"start":{"line":40,"column":2},"end":{"line":40,"column":88}}},"fnMap":{"0":{"name":"IconSymbol","decl":{"start":{"line":28,"column":16},"end":{"line":28,"column":26}},"loc":{"start":{"line":39,"column":3},"end":{"line":41,"column":1}},"line":39}},"branchMap":{"0":{"loc":{"start":{"line":30,"column":2},"end":{"line":30,"column":11}},"type":"default-arg","locations":[{"start":{"line":30,"column":9},"end":{"line":30,"column":11}}],"line":30}},"s":{"0":0,"1":0},"f":{"0":0},"b":{"0":[0]}}
,"/Volumes/Work/react/gandul/lib/graphql/client.ts": {"path":"/Volumes/Work/react/gandul/lib/graphql/client.ts","statementMap":{"0":{"start":{"line":4,"column":20},"end":{"line":6,"column":55}},"1":{"start":{"line":8,"column":29},"end":{"line":21,"column":2}},"2":{"start":{"line":12,"column":4},"end":{"line":18,"column":6}}},"fnMap":{"0":{"name":"(anonymous_0)","decl":{"start":{"line":11,"column":16},"end":{"line":11,"column":17}},"loc":{"start":{"line":11,"column":22},"end":{"line":19,"column":3}},"line":11}},"branchMap":{"0":{"loc":{"start":{"line":4,"column":20},"end":{"line":6,"column":55}},"type":"binary-expr","locations":[{"start":{"line":4,"column":20},"end":{"line":4,"column":72}},{"start":{"line":5,"column":19},"end":{"line":5,"column":54}},{"start":{"line":6,"column":19},"end":{"line":6,"column":55}}],"line":4}},"s":{"0":0,"1":0,"2":0},"f":{"0":0},"b":{"0":[0,0,0]}}
,"/Volumes/Work/react/gandul/lib/graphql/queries/article.ts": {"path":"/Volumes/Work/react/gandul/lib/graphql/queries/article.ts","statementMap":{"0":{"start":{"line":3,"column":30},"end":{"line":22,"column":1}},"1":{"start":{"line":24,"column":35},"end":{"line":44,"column":1}}},"fnMap":{},"branchMap":{},"s":{"0":0,"1":0},"f":{},"b":{}}
,"/Volumes/Work/react/gandul/lib/hooks/index.ts": {"path":"/Volumes/Work/react/gandul/lib/hooks/index.ts","statementMap":{},"fnMap":{},"branchMap":{},"s":{},"f":{},"b":{}}
,"/Volumes/Work/react/gandul/lib/hooks/use-article.ts": {"path":"/Volumes/Work/react/gandul/lib/hooks/use-article.ts","statementMap":{"0":{"start":{"line":18,"column":32},"end":{"line":18,"column":62}},"1":{"start":{"line":19,"column":32},"end":{"line":19,"column":46}},"2":{"start":{"line":20,"column":28},"end":{"line":20,"column":57}},"3":{"start":{"line":22,"column":23},"end":{"line":41,"column":3}},"4":{"start":{"line":23,"column":4},"end":{"line":40,"column":5}},"5":{"start":{"line":24,"column":6},"end":{"line":24,"column":23}},"6":{"start":{"line":25,"column":6},"end":{"line":25,"column":21}},"7":{"start":{"line":27,"column":21},"end":{"line":29,"column":20}},"8":{"start":{"line":31,"column":6},"end":{"line":35,"column":7}},"9":{"start":{"line":32,"column":8},"end":{"line":32,"column":39}},"10":{"start":{"line":33,"column":13},"end":{"line":35,"column":7}},"11":{"start":{"line":34,"column":8},"end":{"line":34,"column":40}},"12":{"start":{"line":37,"column":6},"end":{"line":37,"column":73}},"13":{"start":{"line":39,"column":6},"end":{"line":39,"column":24}},"14":{"start":{"line":43,"column":2},"end":{"line":47,"column":19}},"15":{"start":{"line":44,"column":4},"end":{"line":46,"column":5}},"16":{"start":{"line":45,"column":6},"end":{"line":45,"column":21}},"17":{"start":{"line":49,"column":2},"end":{"line":54,"column":4}}},"fnMap":{"0":{"name":"useArticle","decl":{"start":{"line":17,"column":16},"end":{"line":17,"column":26}},"loc":{"start":{"line":17,"column":65},"end":{"line":55,"column":1}},"line":17},"1":{"name":"(anonymous_1)","decl":{"start":{"line":22,"column":23},"end":{"line":22,"column":24}},"loc":{"start":{"line":22,"column":35},"end":{"line":41,"column":3}},"line":22},"2":{"name":"(anonymous_2)","decl":{"start":{"line":43,"column":12},"end":{"line":43,"column":13}},"loc":{"start":{"line":43,"column":18},"end":{"line":47,"column":3}},"line":43}},"branchMap":{"0":{"loc":{"start":{"line":31,"column":6},"end":{"line":35,"column":7}},"type":"if","locations":[{"start":{"line":31,"column":6},"end":{"line":35,"column":7}},{"start":{"line":33,"column":13},"end":{"line":35,"column":7}}],"line":31},"1":{"loc":{"start":{"line":33,"column":13},"end":{"line":35,"column":7}},"type":"if","locations":[{"start":{"line":33,"column":13},"end":{"line":35,"column":7}},{"start":{},"end":{}}],"line":33},"2":{"loc":{"start":{"line":37,"column":15},"end":{"line":37,"column":71}},"type":"cond-expr","locations":[{"start":{"line":37,"column":38},"end":{"line":37,"column":49}},{"start":{"line":37,"column":52},"end":{"line":37,"column":71}}],"line":37},"3":{"loc":{"start":{"line":44,"column":4},"end":{"line":46,"column":5}},"type":"if","locations":[{"start":{"line":44,"column":4},"end":{"line":46,"column":5}},{"start":{},"end":{}}],"line":44}},"s":{"0":0,"1":0,"2":0,"3":0,"4":0,"5":0,"6":0,"7":0,"8":0,"9":0,"10":0,"11":0,"12":0,"13":0,"14":0,"15":0,"16":0,"17":0},"f":{"0":0,"1":0,"2":0},"b":{"0":[0,0],"1":[0,0],"2":[0,0],"3":[0,0]}}
,"/Volumes/Work/react/gandul/lib/hooks/use-articles.ts": {"path":"/Volumes/Work/react/gandul/lib/hooks/use-articles.ts","statementMap":{"0":{"start":{"line":6,"column":18},"end":{"line":6,"column":20}},"1":{"start":{"line":19,"column":34},"end":{"line":19,"column":57}},"2":{"start":{"line":20,"column":32},"end":{"line":20,"column":46}},"3":{"start":{"line":21,"column":40},"end":{"line":21,"column":55}},"4":{"start":{"line":22,"column":28},"end":{"line":22,"column":57}},"5":{"start":{"line":23,"column":30},"end":{"line":23,"column":41}},"6":{"start":{"line":24,"column":32},"end":{"line":24,"column":46}},"7":{"start":{"line":26,"column":24},"end":{"line":70,"column":3}},"8":{"start":{"line":27,"column":4},"end":{"line":69,"column":5}},"9":{"start":{"line":28,"column":6},"end":{"line":33,"column":7}},"10":{"start":{"line":29,"column":8},"end":{"line":29,"column":25}},"11":{"start":{"line":30,"column":8},"end":{"line":30,"column":21}},"12":{"start":{"line":32,"column":8},"end":{"line":32,"column":29}},"13":{"start":{"line":34,"column":6},"end":{"line":34,"column":21}},"14":{"start":{"line":36,"column":28},"end":{"line":36,"column":46}},"15":{"start":{"line":37,"column":21},"end":{"line":42,"column":20}},"16":{"start":{"line":44,"column":6},"end":{"line":63,"column":7}},"17":{"start":{"line":45,"column":8},"end":{"line":45,"column":39}},"18":{"start":{"line":46,"column":13},"end":{"line":63,"column":7}},"19":{"start":{"line":47,"column":28},"end":{"line":47,"column":48}},"20":{"start":{"line":49,"column":8},"end":{"line":53,"column":9}},"21":{"start":{"line":50,"column":10},"end":{"line":50,"column":35}},"22":{"start":{"line":52,"column":10},"end":{"line":52,"column":59}},"23":{"start":{"line":52,"column":32},"end":{"line":52,"column":57}},"24":{"start":{"line":56,"column":8},"end":{"line":56,"column":53}},"25":{"start":{"line":58,"column":8},"end":{"line":62,"column":9}},"26":{"start":{"line":59,"column":10},"end":{"line":59,"column":48}},"27":{"start":{"line":59,"column":30},"end":{"line":59,"column":46}},"28":{"start":{"line":61,"column":10},"end":{"line":61,"column":31}},"29":{"start":{"line":65,"column":6},"end":{"line":65,"column":73}},"30":{"start":{"line":67,"column":6},"end":{"line":67,"column":24}},"31":{"start":{"line":68,"column":6},"end":{"line":68,"column":28}},"32":{"start":{"line":72,"column":19},"end":{"line":76,"column":45}},"33":{"start":{"line":73,"column":4},"end":{"line":75,"column":5}},"34":{"start":{"line":74,"column":6},"end":{"line":74,"column":33}},"35":{"start":{"line":78,"column":18},"end":{"line":80,"column":8}},"36":{"start":{"line":79,"column":4},"end":{"line":79,"column":30}},"37":{"start":{"line":82,"column":2},"end":{"line":84,"column":9}},"38":{"start":{"line":83,"column":4},"end":{"line":83,"column":24}},"39":{"start":{"line":86,"column":2},"end":{"line":94,"column":4}}},"fnMap":{"0":{"name":"useArticles","decl":{"start":{"line":18,"column":16},"end":{"line":18,"column":27}},"loc":{"start":{"line":18,"column":49},"end":{"line":95,"column":1}},"line":18},"1":{"name":"(anonymous_1)","decl":{"start":{"line":26,"column":24},"end":{"line":26,"column":25}},"loc":{"start":{"line":26,"column":58},"end":{"line":70,"column":3}},"line":26},"2":{"name":"(anonymous_2)","decl":{"start":{"line":52,"column":22},"end":{"line":52,"column":23}},"loc":{"start":{"line":52,"column":32},"end":{"line":52,"column":57}},"line":52},"3":{"name":"(anonymous_3)","decl":{"start":{"line":59,"column":20},"end":{"line":59,"column":21}},"loc":{"start":{"line":59,"column":30},"end":{"line":59,"column":46}},"line":59},"4":{"name":"(anonymous_4)","decl":{"start":{"line":72,"column":31},"end":{"line":72,"column":32}},"loc":{"start":{"line":72,"column":43},"end":{"line":76,"column":3}},"line":72},"5":{"name":"(anonymous_5)","decl":{"start":{"line":78,"column":30},"end":{"line":78,"column":31}},"loc":{"start":{"line":78,"column":42},"end":{"line":80,"column":3}},"line":78},"6":{"name":"(anonymous_6)","decl":{"start":{"line":82,"column":12},"end":{"line":82,"column":13}},"loc":{"start":{"line":82,"column":18},"end":{"line":84,"column":3}},"line":82}},"branchMap":{"0":{"loc":{"start":{"line":26,"column":31},"end":{"line":26,"column":53}},"type":"default-arg","locations":[{"start":{"line":26,"column":48},"end":{"line":26,"column":53}}],"line":26},"1":{"loc":{"start":{"line":28,"column":6},"end":{"line":33,"column":7}},"type":"if","locations":[{"start":{"line":28,"column":6},"end":{"line":33,"column":7}},{"start":{"line":31,"column":13},"end":{"line":33,"column":7}}],"line":28},"2":{"loc":{"start":{"line":36,"column":28},"end":{"line":36,"column":46}},"type":"cond-expr","locations":[{"start":{"line":36,"column":36},"end":{"line":36,"column":37}},{"start":{"line":36,"column":40},"end":{"line":36,"column":46}}],"line":36},"3":{"loc":{"start":{"line":44,"column":6},"end":{"line":63,"column":7}},"type":"if","locations":[{"start":{"line":44,"column":6},"end":{"line":63,"column":7}},{"start":{"line":46,"column":13},"end":{"line":63,"column":7}}],"line":44},"4":{"loc":{"start":{"line":46,"column":13},"end":{"line":63,"column":7}},"type":"if","locations":[{"start":{"line":46,"column":13},"end":{"line":63,"column":7}},{"start":{},"end":{}}],"line":46},"5":{"loc":{"start":{"line":49,"column":8},"end":{"line":53,"column":9}},"type":"if","locations":[{"start":{"line":49,"column":8},"end":{"line":53,"column":9}},{"start":{"line":51,"column":15},"end":{"line":53,"column":9}}],"line":49},"6":{"loc":{"start":{"line":58,"column":8},"end":{"line":62,"column":9}},"type":"if","locations":[{"start":{"line":58,"column":8},"end":{"line":62,"column":9}},{"start":{"line":60,"column":15},"end":{"line":62,"column":9}}],"line":58},"7":{"loc":{"start":{"line":65,"column":15},"end":{"line":65,"column":71}},"type":"cond-expr","locations":[{"start":{"line":65,"column":38},"end":{"line":65,"column":49}},{"start":{"line":65,"column":52},"end":{"line":65,"column":71}}],"line":65},"8":{"loc":{"start":{"line":73,"column":4},"end":{"line":75,"column":5}},"type":"if","locations":[{"start":{"line":73,"column":4},"end":{"line":75,"column":5}},{"start":{},"end":{}}],"line":73},"9":{"loc":{"start":{"line":73,"column":8},"end":{"line":73,"column":43}},"type":"binary-expr","locations":[{"start":{"line":73,"column":8},"end":{"line":73,"column":20}},{"start":{"line":73,"column":24},"end":{"line":73,"column":32}},{"start":{"line":73,"column":36},"end":{"line":73,"column":43}}],"line":73}},"s":{"0":0,"1":0,"2":0,"3":0,"4":0,"5":0,"6":0,"7":0,"8":0,"9":0,"10":0,"11":0,"12":0,"13":0,"14":0,"15":0,"16":0,"17":0,"18":0,"19":0,"20":0,"21":0,"22":0,"23":0,"24":0,"25":0,"26":0,"27":0,"28":0,"29":0,"30":0,"31":0,"32":0,"33":0,"34":0,"35":0,"36":0,"37":0,"38":0,"39":0},"f":{"0":0,"1":0,"2":0,"3":0,"4":0,"5":0,"6":0},"b":{"0":[0],"1":[0,0],"2":[0,0],"3":[0,0],"4":[0,0],"5":[0,0],"6":[0,0],"7":[0,0],"8":[0,0],"9":[0,0,0]}}
,"/Volumes/Work/react/gandul/lib/models/article.ts": {"path":"/Volumes/Work/react/gandul/lib/models/article.ts","statementMap":{},"fnMap":{},"branchMap":{},"s":{},"f":{},"b":{}}
}
