TN:
SF:components/external-link.tsx
FN:7,ExternalLink
FN:13,(anonymous_1)
FNF:2
FNH:0
FNDA:0,ExternalLink
FNDA:0,(anonymous_1)
DA:8,0
DA:14,0
DA:16,0
DA:18,0
LF:4
LH:0
BRDA:14,0,0,0
BRDA:14,0,1,0
BRF:2
BRH:0
end_of_record
TN:
SF:components/haptic-tab.tsx
FN:5,HapticTab
FN:9,(anonymous_1)
FNF:2
FNH:0
FNDA:0,HapticTab
FNDA:0,(anonymous_1)
DA:6,0
DA:10,0
DA:12,0
DA:14,0
LF:4
LH:0
BRDA:10,0,0,0
BRDA:10,0,1,0
BRF:2
BRH:0
end_of_record
TN:
SF:components/hello-wave.tsx
FN:3,HelloWave
FNF:1
FNH:0
FNDA:0,HelloWave
DA:4,0
LF:1
LH:0
BRF:0
BRH:0
end_of_record
TN:
SF:components/parallax-scroll-view.tsx
FN:21,ParallaxScrollView
FN:30,(anonymous_1)
FNF:2
FNH:0
FNDA:0,ParallaxScrollView
FNDA:0,(anonymous_1)
DA:14,0
DA:26,0
DA:27,0
DA:28,0
DA:29,0
DA:30,0
DA:31,0
DA:47,0
DA:65,0
LF:9
LH:0
BRDA:27,0,0,0
BRDA:27,0,1,0
BRF:2
BRH:0
end_of_record
TN:
SF:components/themed-text.tsx
FN:38,ThemedText
FNF:1
FNH:1
FNDA:44,ThemedText
DA:57,44
DA:60,44
DA:104,44
LF:3
LH:3
BRDA:62,0,0,44
BRDA:62,0,1,0
BRDA:62,0,2,0
BRDA:63,1,0,44
BRDA:63,1,1,0
BRDA:63,1,2,0
BRDA:64,2,0,44
BRDA:64,2,1,0
BRDA:64,2,2,0
BRDA:66,3,0,44
BRDA:66,3,1,0
BRDA:66,3,2,0
BRDA:67,4,0,44
BRDA:67,4,1,0
BRDA:67,4,2,0
BRDA:68,5,0,44
BRDA:68,5,1,0
BRDA:68,5,2,0
BRDA:70,6,0,44
BRDA:70,6,1,0
BRDA:70,6,2,0
BRDA:71,7,0,44
BRDA:71,7,1,0
BRDA:71,7,2,0
BRDA:72,8,0,44
BRDA:72,8,1,0
BRDA:72,8,2,0
BRDA:74,9,0,44
BRDA:74,9,1,0
BRDA:74,9,2,0
BRDA:75,10,0,44
BRDA:75,10,1,0
BRDA:75,10,2,0
BRDA:76,11,0,44
BRDA:76,11,1,0
BRDA:76,11,2,0
BRDA:78,12,0,44
BRDA:78,12,1,0
BRDA:78,12,2,0
BRDA:79,13,0,44
BRDA:79,13,1,0
BRDA:79,13,2,0
BRDA:80,14,0,44
BRDA:80,14,1,0
BRDA:81,15,0,44
BRDA:81,15,1,0
BRDA:81,15,2,0
BRDA:84,16,0,44
BRDA:84,16,1,44
BRDA:85,17,0,44
BRDA:85,17,1,44
BRDA:86,18,0,44
BRDA:86,18,1,0
BRDA:87,19,0,44
BRDA:87,19,1,0
BRDA:88,20,0,44
BRDA:88,20,1,0
BRDA:89,21,0,44
BRDA:89,21,1,0
BRDA:92,22,0,44
BRDA:92,22,1,0
BRDA:93,23,0,44
BRDA:93,23,1,0
BRDA:94,24,0,44
BRDA:94,24,1,0
BRDA:95,25,0,44
BRDA:95,25,1,0
BRDA:96,26,0,44
BRDA:96,26,1,0
BRF:69
BRH:29
end_of_record
TN:
SF:components/themed-view.tsx
FN:10,ThemedView
FNF:1
FNH:0
FNDA:0,ThemedView
DA:11,0
DA:13,0
LF:2
LH:0
BRF:0
BRH:0
end_of_record
TN:
SF:components/article/article-content.tsx
FN:8,ArticleContent
FNF:1
FNH:0
FNDA:0,ArticleContent
DA:9,0
LF:1
LH:0
BRDA:11,0,0,0
BRDA:11,0,1,0
BRDA:21,1,0,0
BRDA:21,1,1,0
BRF:4
BRH:0
end_of_record
TN:
SF:components/article/article-error.tsx
FN:9,ArticleError
FNF:1
FNH:0
FNDA:0,ArticleError
DA:10,0
LF:1
LH:0
BRDA:18,0,0,0
BRDA:18,0,1,0
BRF:2
BRH:0
end_of_record
TN:
SF:components/article/article-header.tsx
FN:11,ArticleHeader
FNF:1
FNH:0
FNDA:0,ArticleHeader
DA:12,0
DA:47,0
LF:2
LH:0
BRDA:14,0,0,0
BRDA:14,0,1,0
BRDA:23,1,0,0
BRDA:23,1,1,0
BRF:4
BRH:0
end_of_record
TN:
SF:components/article/article-links.tsx
FN:9,ArticleLinks
FN:24,(anonymous_1)
FN:39,(anonymous_2)
FNF:3
FNH:0
FNDA:0,ArticleLinks
FNDA:0,(anonymous_1)
FNDA:0,(anonymous_2)
DA:10,0
DA:11,0
DA:14,0
DA:24,0
DA:39,0
LF:5
LH:0
BRDA:10,0,0,0
BRDA:10,0,1,0
BRDA:10,1,0,0
BRDA:10,1,1,0
BRDA:16,2,0,0
BRDA:16,2,1,0
BRDA:31,3,0,0
BRDA:31,3,1,0
BRF:8
BRH:0
end_of_record
TN:
SF:components/article/article-loading.tsx
FN:6,ArticleLoading
FNF:1
FNH:0
FNDA:0,ArticleLoading
DA:7,0
LF:1
LH:0
BRF:0
BRH:0
end_of_record
TN:
SF:components/article/article-metadata.tsx
FN:8,ArticleMetadata
FNF:1
FNH:0
FNDA:0,ArticleMetadata
DA:9,0
LF:1
LH:0
BRDA:15,0,0,0
BRDA:15,0,1,0
BRF:2
BRH:0
end_of_record
TN:
SF:components/article/article-tags.tsx
FN:8,ArticleTags
FN:19,(anonymous_1)
FNF:2
FNH:0
FNDA:0,ArticleTags
FNDA:0,(anonymous_1)
DA:9,0
DA:10,0
DA:13,0
DA:20,0
LF:4
LH:0
BRDA:9,0,0,0
BRDA:9,0,1,0
BRDA:9,1,0,0
BRDA:9,1,1,0
BRF:4
BRH:0
end_of_record
TN:
SF:components/article/index.ts
FNF:0
FNH:0
LF:0
LH:0
BRF:0
BRH:0
end_of_record
TN:
SF:components/atoms/badge.tsx
FN:17,Badge
FNF:1
FNH:1
FNDA:44,Badge
DA:22,44
DA:28,44
LF:2
LH:2
BRDA:19,0,0,13
BRDA:20,1,0,14
BRDA:31,2,0,26
BRDA:31,2,1,18
BRDA:31,3,0,15
BRDA:31,3,1,3
BRF:6
BRH:6
end_of_record
TN:
SF:components/molecules/category-badge.tsx
FN:16,CategoryBadge
FN:17,(anonymous_1)
FNF:2
FNH:2
FNDA:28,CategoryBadge
FNDA:28,(anonymous_1)
DA:17,28
DA:18,28
DA:20,28
DA:31,28
DA:34,28
LF:5
LH:5
BRDA:16,0,0,24
BRDA:31,1,0,28
BRDA:31,1,1,8
BRF:3
BRH:3
end_of_record
TN:
SF:components/ui/collapsible.tsx
FN:10,Collapsible
FN:18,(anonymous_1)
FN:18,(anonymous_2)
FNF:3
FNH:0
FNDA:0,Collapsible
FNDA:0,(anonymous_1)
FNDA:0,(anonymous_2)
DA:11,0
DA:12,0
DA:14,0
DA:18,0
DA:35,0
LF:5
LH:0
BRDA:12,0,0,0
BRDA:12,0,1,0
BRDA:24,1,0,0
BRDA:24,1,1,0
BRDA:25,2,0,0
BRDA:25,2,1,0
BRDA:30,3,0,0
BRDA:30,3,1,0
BRF:8
BRH:0
end_of_record
TN:
SF:components/ui/icon-symbol.ios.tsx
FN:4,IconSymbol
FNF:1
FNH:0
FNDA:0,IconSymbol
DA:17,0
LF:1
LH:0
BRDA:6,0,0,0
BRDA:9,1,0,0
BRF:2
BRH:0
end_of_record
TN:
SF:components/ui/icon-symbol.tsx
FN:28,IconSymbol
FNF:1
FNH:0
FNDA:0,IconSymbol
DA:16,0
DA:40,0
LF:2
LH:0
BRDA:30,0,0,0
BRF:1
BRH:0
end_of_record
TN:
SF:lib/graphql/client.ts
FN:11,(anonymous_0)
FNF:1
FNH:0
FNDA:0,(anonymous_0)
DA:4,0
DA:8,0
DA:12,0
LF:3
LH:0
BRDA:4,0,0,0
BRDA:4,0,1,0
BRDA:4,0,2,0
BRF:3
BRH:0
end_of_record
TN:
SF:lib/graphql/queries/article.ts
FNF:0
FNH:0
DA:3,0
DA:24,0
LF:2
LH:0
BRF:0
BRH:0
end_of_record
TN:
SF:lib/hooks/index.ts
FNF:0
FNH:0
LF:0
LH:0
BRF:0
BRH:0
end_of_record
TN:
SF:lib/hooks/use-article.ts
FN:17,useArticle
FN:22,(anonymous_1)
FN:43,(anonymous_2)
FNF:3
FNH:0
FNDA:0,useArticle
FNDA:0,(anonymous_1)
FNDA:0,(anonymous_2)
DA:18,0
DA:19,0
DA:20,0
DA:22,0
DA:23,0
DA:24,0
DA:25,0
DA:27,0
DA:31,0
DA:32,0
DA:33,0
DA:34,0
DA:37,0
DA:39,0
DA:43,0
DA:44,0
DA:45,0
DA:49,0
LF:18
LH:0
BRDA:31,0,0,0
BRDA:31,0,1,0
BRDA:33,1,0,0
BRDA:33,1,1,0
BRDA:37,2,0,0
BRDA:37,2,1,0
BRDA:44,3,0,0
BRDA:44,3,1,0
BRF:8
BRH:0
end_of_record
TN:
SF:lib/hooks/use-articles.ts
FN:18,useArticles
FN:26,(anonymous_1)
FN:52,(anonymous_2)
FN:59,(anonymous_3)
FN:72,(anonymous_4)
FN:78,(anonymous_5)
FN:82,(anonymous_6)
FNF:7
FNH:0
FNDA:0,useArticles
FNDA:0,(anonymous_1)
FNDA:0,(anonymous_2)
FNDA:0,(anonymous_3)
FNDA:0,(anonymous_4)
FNDA:0,(anonymous_5)
FNDA:0,(anonymous_6)
DA:6,0
DA:19,0
DA:20,0
DA:21,0
DA:22,0
DA:23,0
DA:24,0
DA:26,0
DA:27,0
DA:28,0
DA:29,0
DA:30,0
DA:32,0
DA:34,0
DA:36,0
DA:37,0
DA:44,0
DA:45,0
DA:46,0
DA:47,0
DA:49,0
DA:50,0
DA:52,0
DA:56,0
DA:58,0
DA:59,0
DA:61,0
DA:65,0
DA:67,0
DA:68,0
DA:72,0
DA:73,0
DA:74,0
DA:78,0
DA:79,0
DA:82,0
DA:83,0
DA:86,0
LF:38
LH:0
BRDA:26,0,0,0
BRDA:28,1,0,0
BRDA:28,1,1,0
BRDA:36,2,0,0
BRDA:36,2,1,0
BRDA:44,3,0,0
BRDA:44,3,1,0
BRDA:46,4,0,0
BRDA:46,4,1,0
BRDA:49,5,0,0
BRDA:49,5,1,0
BRDA:58,6,0,0
BRDA:58,6,1,0
BRDA:65,7,0,0
BRDA:65,7,1,0
BRDA:73,8,0,0
BRDA:73,8,1,0
BRDA:73,9,0,0
BRDA:73,9,1,0
BRDA:73,9,2,0
BRF:20
BRH:0
end_of_record
TN:
SF:lib/models/article.ts
FNF:0
FNH:0
LF:0
LH:0
BRF:0
BRH:0
end_of_record
